#-----------------------------------------------------------
# Vivado v2024.2 (64-bit)
# SW Build 5239630 on Fri Nov 08 22:35:27 MST 2024
# IP Build 5239520 on Sun Nov 10 16:12:51 MST 2024
# SharedData Build 5239561 on Fri Nov 08 14:39:27 MST 2024
# Start of session at: Thu Sep 18 07:27:56 2025
# Process ID         : 2684
# Current directory  : C:/Users/lauri/Desktop/Taller de digitales/Proyecto 2/project_prueba2
# Command line       : vivado.exe -gui_launcher_event rodinguilauncherevent15484 C:\Users\lauri\Desktop\Taller de digitales\Proyecto 2\project_prueba2\project_prueba2.xpr
# Log file           : C:/Users/lauri/Desktop/Taller de digitales/Proyecto 2/project_prueba2/vivado.log
# Journal file       : C:/Users/lauri/Desktop/Taller de digitales/Proyecto 2/project_prueba2\vivado.jou
# Running On         : LAPTOP-L7AUJ4JJ
# Platform           : Windows Server 2016 or Windows 10
# Operating System   : 22631
# Processor Detail   : AMD Ryzen 5 5600H with Radeon Graphics         
# CPU Frequency      : 3294 MHz
# CPU Physical cores : 6
# CPU Logical cores  : 12
# Host memory        : 21319 MB
# Swap memory        : 1342 MB
# Total Virtual      : 22661 MB
# Available Virtual  : 16004 MB
#-----------------------------------------------------------
start_gui
open_project {C:/Users/lauri/Desktop/Taller de digitales/Proyecto 2/project_prueba2/project_prueba2.xpr}
INFO: [filemgmt 56-3] Default IP Output Path : Could not find the directory 'C:/Users/lauri/Desktop/Taller de digitales/Proyecto 2/project_prueba2/project_prueba2.gen/sources_1'.
Scanning sources...
Finished scanning sources
INFO: [IP_Flow 19-234] Refreshing IP repositories
INFO: [IP_Flow 19-1704] No user IP repositories specified
INFO: [IP_Flow 19-2313] Loaded Vivado IP repository 'C:/XilinxVivado/Vivado/2024.2/data/ip'.
open_project: Time (s): cpu = 00:00:04 ; elapsed = 00:00:06 . Memory (MB): peak = 1142.707 ; gain = 72.891
update_compile_order -fileset sources_1
ERROR: [Vivado 12-106] *** Exception: java.lang.IllegalArgumentException: Comparison method violates its general contract! (See C:/Users/lauri/Desktop/Taller de digitales/Proyecto 2/project_prueba2/vivado_pid2684.debug)
ERROR: [Vivado 12-106] *** Exception: java.lang.IllegalArgumentException: Comparison method violates its general contract! (See C:/Users/lauri/Desktop/Taller de digitales/Proyecto 2/project_prueba2/vivado_pid2684.debug)
exit
INFO: [Common 17-206] Exiting Vivado at Thu Sep 18 07:43:32 2025...
