#-----------------------------------------------------------
# Vivado v2024.2 (64-bit)
# SW Build 5239630 on Fri Nov 08 22:35:27 MST 2024
# IP Build 5239520 on Sun Nov 10 16:12:51 MST 2024
# SharedData Build 5239561 on Fri Nov 08 14:39:27 MST 2024
# Start of session at: Tue Sep 16 07:36:51 2025
# Process ID         : 8600
# Current directory  : C:/Users/lauri/Desktop/Taller de digitales/Proyecto 2/project_prueba2
# Command line       : vivado.exe -gui_launcher_event rodinguilauncherevent15100 C:\Users\lauri\Desktop\Taller de digitales\Proyecto 2\project_prueba2\project_prueba2.xpr
# Log file           : C:/Users/lauri/Desktop/Taller de digitales/Proyecto 2/project_prueba2/vivado.log
# Journal file       : C:/Users/lauri/Desktop/Taller de digitales/Proyecto 2/project_prueba2\vivado.jou
# Running On         : LAPTOP-L7AUJ4JJ
# Platform           : Windows Server 2016 or Windows 10
# Operating System   : 22631
# Processor Detail   : AMD Ryzen 5 5600H with Radeon Graphics         
# CPU Frequency      : 3294 MHz
# CPU Physical cores : 6
# CPU Logical cores  : 12
# Host memory        : 21319 MB
# Swap memory        : 1342 MB
# Total Virtual      : 22661 MB
# Available Virtual  : 14191 MB
#-----------------------------------------------------------
start_gui
open_project {C:/Users/lauri/Desktop/Taller de digitales/Proyecto 2/project_prueba2/project_prueba2.xpr}
INFO: [Project 1-313] Project file moved from 'C:/Users/lauri/Desktop/Taller de digitales/project_prueba2' since last save.
INFO: [filemgmt 56-3] Default IP Output Path : Could not find the directory 'C:/Users/lauri/Desktop/Taller de digitales/Proyecto 2/project_prueba2/project_prueba2.gen/sources_1'.
WARNING: [Project 1-312] File not found as 'C:/Users/lauri/Desktop/Downloads/clk_div.sv'; using path 'C:/Users/lauri/Downloads/clk_div.sv' instead.
WARNING: [Project 1-312] File not found as 'C:/Users/lauri/Desktop/Downloads/hex7seg.sv'; using path 'C:/Users/lauri/Downloads/hex7seg.sv' instead.
WARNING: [Project 1-312] File not found as 'C:/Users/lauri/Desktop/Downloads/lfsr16.sv'; using path 'C:/Users/lauri/Downloads/lfsr16.sv' instead.
WARNING: [Project 1-312] File not found as 'C:/Users/lauri/Desktop/Downloads/reg_pipo.sv'; using path 'C:/Users/lauri/Downloads/reg_pipo.sv' instead.
WARNING: [Project 1-312] File not found as 'C:/Users/lauri/Desktop/Downloads/Top.sv'; using path 'C:/Users/lauri/Downloads/Top.sv' instead.
WARNING: [Project 1-312] File not found as 'C:/Users/lauri/Desktop/Downloads/Nexys4.xdc'; using path 'C:/Users/lauri/Downloads/Nexys4.xdc' instead.
WARNING: [Project 1-312] File not found as 'C:/Users/lauri/Desktop/Downloads/tb_Top.sv'; using path 'C:/Users/lauri/Downloads/tb_Top.sv' instead.
Scanning sources...
Finished scanning sources
WARNING: [Project 1-312] File not found as 'C:/Users/lauri/Desktop/Downloads/clk_div.sv'; using path 'C:/Users/lauri/Downloads/clk_div.sv' instead.
WARNING: [Project 1-312] File not found as 'C:/Users/lauri/Desktop/Downloads/hex7seg.sv'; using path 'C:/Users/lauri/Downloads/hex7seg.sv' instead.
WARNING: [Project 1-312] File not found as 'C:/Users/lauri/Desktop/Downloads/lfsr16.sv'; using path 'C:/Users/lauri/Downloads/lfsr16.sv' instead.
WARNING: [Project 1-312] File not found as 'C:/Users/lauri/Desktop/Downloads/reg_pipo.sv'; using path 'C:/Users/lauri/Downloads/reg_pipo.sv' instead.
WARNING: [Project 1-312] File not found as 'C:/Users/lauri/Desktop/Downloads/Top.sv'; using path 'C:/Users/lauri/Downloads/Top.sv' instead.
WARNING: [Project 1-312] File not found as 'C:/Users/lauri/Desktop/Downloads/Nexys4.xdc'; using path 'C:/Users/lauri/Downloads/Nexys4.xdc' instead.
WARNING: [Project 1-312] File not found as 'C:/Users/lauri/Desktop/Downloads/clk_div.sv'; using path 'C:/Users/lauri/Downloads/clk_div.sv' instead.
WARNING: [Project 1-312] File not found as 'C:/Users/lauri/Desktop/Downloads/hex7seg.sv'; using path 'C:/Users/lauri/Downloads/hex7seg.sv' instead.
WARNING: [Project 1-312] File not found as 'C:/Users/lauri/Desktop/Downloads/lfsr16.sv'; using path 'C:/Users/lauri/Downloads/lfsr16.sv' instead.
WARNING: [Project 1-312] File not found as 'C:/Users/lauri/Desktop/Downloads/reg_pipo.sv'; using path 'C:/Users/lauri/Downloads/reg_pipo.sv' instead.
WARNING: [Project 1-312] File not found as 'C:/Users/lauri/Desktop/Downloads/Top.sv'; using path 'C:/Users/lauri/Downloads/Top.sv' instead.
WARNING: [Project 1-312] File not found as 'C:/Users/lauri/Desktop/Downloads/Nexys4.xdc'; using path 'C:/Users/lauri/Downloads/Nexys4.xdc' instead.
INFO: [IP_Flow 19-234] Refreshing IP repositories
INFO: [IP_Flow 19-1704] No user IP repositories specified
INFO: [IP_Flow 19-2313] Loaded Vivado IP repository 'C:/XilinxVivado/Vivado/2024.2/data/ip'.
update_compile_order -fileset sources_1
open_hw_manager
connect_hw_server -allow_non_jtag
INFO: [Labtools 27-2285] Connecting to hw_server url TCP:localhost:3121
INFO: [Labtools 27-2222] Launching hw_server...
INFO: [Labtools 27-2221] Launch Output:

****** Xilinx hw_server v2024.2
  **** Build date : Oct 29 2024 at 10:25:41
    ** Copyright 1986-2022 Xilinx, Inc. All Rights Reserved.


INFO: [Labtools 27-3415] Connecting to cs_server url TCP:localhost:0
INFO: [Labtools 27-3417] Launching cs_server...
INFO: [Labtools 27-2221] Launch Output:


******** Xilinx cs_server v2024.2.0
  ****** Build date   : Oct 30 2024-12:19:07
    **** Build number : 2024.2.1730312347
      ** Copyright 2017-2022 Xilinx, Inc. All Rights Reserved.
      ** Copyright 2022-2025 Advanced Micro Devices, Inc. All Rights Reserved.



connect_hw_server: Time (s): cpu = 00:00:00 ; elapsed = 00:00:07 . Memory (MB): peak = 1169.340 ; gain = 0.492
open_hw_target
INFO: [Labtoolstcl 44-466] Opening hw_target localhost:3121/xilinx_tcf/Digilent/210292A8AF1BA
set_property PROGRAM.FILE {C:/Users/lauri/Desktop/Taller de digitales/Proyecto 2/project_prueba2/project_prueba2.runs/impl_1/Top.bit} [get_hw_devices xc7a100t_0]
current_hw_device [get_hw_devices xc7a100t_0]
refresh_hw_device -update_hw_probes false [lindex [get_hw_devices xc7a100t_0] 0]
INFO: [Labtools 27-1435] Device xc7a100t (JTAG device index = 0) is not programmed (DONE status = 0).
set_property PROBES.FILE {} [get_hw_devices xc7a100t_0]
set_property FULL_PROBES.FILE {} [get_hw_devices xc7a100t_0]
set_property PROGRAM.FILE {C:/Users/lauri/Desktop/Taller de digitales/Proyecto 2/project_prueba2/project_prueba2.runs/impl_1/Top.bit} [get_hw_devices xc7a100t_0]
program_hw_devices [get_hw_devices xc7a100t_0]
INFO: [Labtools 27-3164] End of startup status: HIGH
refresh_hw_device [lindex [get_hw_devices xc7a100t_0] 0]
INFO: [Labtools 27-1434] Device xc7a100t (JTAG device index = 0) is programmed with a design that has no supported debug core(s) in it.
close_hw_manager
